  Circle.cpp
C:\Users\luihe\OneDrive\Documentos\GitHub\Proyecto-CGeIHC\ProyectoFinal\ProyectoFinal\Circle.cpp(34,13): warning C4305: '+=': truncamiento de 'double' a 'float'
C:\Users\luihe\OneDrive\Documentos\GitHub\Proyecto-CGeIHC\ProyectoFinal\ProyectoFinal\Circle.cpp(39,13): warning C4305: '-=': truncamiento de 'double' a 'float'
C:\Users\luihe\OneDrive\Documentos\GitHub\Proyecto-CGeIHC\ProyectoFinal\ProyectoFinal\Circle.cpp(45,20): warning C4018: '<=': no coinciden signed/unsigned
  PointLight.cpp
C:\Users\luihe\OneDrive\Documentos\GitHub\Proyecto-CGeIHC\ProyectoFinal\ProyectoFinal\PointLight.cpp(28,14): warning C4244: 'argumento': conversión de 'GLfloat' a 'GLint'; posible pérdida de datos
C:\Users\luihe\OneDrive\Documentos\GitHub\Proyecto-CGeIHC\ProyectoFinal\ProyectoFinal\PointLight.cpp(29,14): warning C4244: 'argumento': conversión de 'GLfloat' a 'GLint'; posible pérdida de datos
C:\Users\luihe\OneDrive\Documentos\GitHub\Proyecto-CGeIHC\ProyectoFinal\ProyectoFinal\PointLight.cpp(30,14): warning C4244: 'argumento': conversión de 'GLfloat' a 'GLint'; posible pérdida de datos
C:\Users\luihe\OneDrive\Documentos\GitHub\Proyecto-CGeIHC\ProyectoFinal\ProyectoFinal\PointLight.cpp(32,14): warning C4244: 'argumento': conversión de 'GLfloat' a 'GLint'; posible pérdida de datos
C:\Users\luihe\OneDrive\Documentos\GitHub\Proyecto-CGeIHC\ProyectoFinal\ProyectoFinal\PointLight.cpp(33,14): warning C4244: 'argumento': conversión de 'GLfloat' a 'GLint'; posible pérdida de datos
C:\Users\luihe\OneDrive\Documentos\GitHub\Proyecto-CGeIHC\ProyectoFinal\ProyectoFinal\PointLight.cpp(34,14): warning C4244: 'argumento': conversión de 'GLfloat' a 'GLint'; posible pérdida de datos
C:\Users\luihe\OneDrive\Documentos\GitHub\Proyecto-CGeIHC\ProyectoFinal\ProyectoFinal\PointLight.cpp(35,14): warning C4244: 'argumento': conversión de 'GLfloat' a 'GLint'; posible pérdida de datos
  ProyectoFinal.cpp
C:\Users\luihe\OneDrive\Documentos\GitHub\Proyecto-CGeIHC\ProyectoFinal\ProyectoFinal\Window.h(12,36): warning C4244: 'return': conversión de 'GLint' a 'GLfloat'; posible pérdida de datos
  (compilando archivo de origen "ProyectoFinal.cpp")
  
C:\Users\luihe\OneDrive\Documentos\GitHub\Proyecto-CGeIHC\ProyectoFinal\ProyectoFinal\Window.h(13,37): warning C4244: 'return': conversión de 'GLint' a 'GLfloat'; posible pérdida de datos
  (compilando archivo de origen "ProyectoFinal.cpp")
  
C:\Users\luihe\OneDrive\Documentos\GitHub\Proyecto-CGeIHC\ProyectoFinal\ProyectoFinal\ProyectoFinal.cpp(656,22): warning C4305: 'inicializando': truncamiento de 'double' a 'float'
C:\Users\luihe\OneDrive\Documentos\GitHub\Proyecto-CGeIHC\ProyectoFinal\ProyectoFinal\ProyectoFinal.cpp(717,24): warning C4244: '=': conversión de 'double' a 'GLfloat'; posible pérdida de datos
C:\Users\luihe\OneDrive\Documentos\GitHub\Proyecto-CGeIHC\ProyectoFinal\ProyectoFinal\ProyectoFinal.cpp(722,15): warning C4244: 'inicializando': conversión de 'double' a 'GLfloat'; posible pérdida de datos
C:\Users\luihe\OneDrive\Documentos\GitHub\Proyecto-CGeIHC\ProyectoFinal\ProyectoFinal\ProyectoFinal.cpp(724,33): warning C4244: '+=': conversión de 'double' a 'GLfloat'; posible pérdida de datos
C:\Users\luihe\OneDrive\Documentos\GitHub\Proyecto-CGeIHC\ProyectoFinal\ProyectoFinal\ProyectoFinal.cpp(740,29): warning C4244: '+=': conversión de 'double' a 'float'; posible pérdida de datos
C:\Users\luihe\OneDrive\Documentos\GitHub\Proyecto-CGeIHC\ProyectoFinal\ProyectoFinal\ProyectoFinal.cpp(744,29): warning C4244: '-=': conversión de 'double' a 'float'; posible pérdida de datos
  Shader_light.cpp
C:\Users\luihe\OneDrive\Documentos\GitHub\Proyecto-CGeIHC\ProyectoFinal\ProyectoFinal\Shader_light.cpp(207,75): warning C4244: 'argumento': conversión de 'GLuint' a 'GLfloat'; posible pérdida de datos
C:\Users\luihe\OneDrive\Documentos\GitHub\Proyecto-CGeIHC\ProyectoFinal\ProyectoFinal\Shader_light.cpp(207,26): warning C4244: 'argumento': conversión de 'GLuint' a 'GLfloat'; posible pérdida de datos
C:\Users\luihe\OneDrive\Documentos\GitHub\Proyecto-CGeIHC\ProyectoFinal\ProyectoFinal\Shader_light.cpp(206,91): warning C4244: 'argumento': conversión de 'GLuint' a 'GLfloat'; posible pérdida de datos
C:\Users\luihe\OneDrive\Documentos\GitHub\Proyecto-CGeIHC\ProyectoFinal\ProyectoFinal\Shader_light.cpp(206,42): warning C4244: 'argumento': conversión de 'GLuint' a 'GLfloat'; posible pérdida de datos
C:\Users\luihe\OneDrive\Documentos\GitHub\Proyecto-CGeIHC\ProyectoFinal\ProyectoFinal\Shader_light.cpp(220,98): warning C4244: 'argumento': conversión de 'GLuint' a 'GLfloat'; posible pérdida de datos
C:\Users\luihe\OneDrive\Documentos\GitHub\Proyecto-CGeIHC\ProyectoFinal\ProyectoFinal\Shader_light.cpp(220,62): warning C4244: 'argumento': conversión de 'GLuint' a 'GLfloat'; posible pérdida de datos
C:\Users\luihe\OneDrive\Documentos\GitHub\Proyecto-CGeIHC\ProyectoFinal\ProyectoFinal\Shader_light.cpp(220,24): warning C4244: 'argumento': conversión de 'GLuint' a 'GLfloat'; posible pérdida de datos
C:\Users\luihe\OneDrive\Documentos\GitHub\Proyecto-CGeIHC\ProyectoFinal\ProyectoFinal\Shader_light.cpp(219,70): warning C4244: 'argumento': conversión de 'GLuint' a 'GLfloat'; posible pérdida de datos
C:\Users\luihe\OneDrive\Documentos\GitHub\Proyecto-CGeIHC\ProyectoFinal\ProyectoFinal\Shader_light.cpp(219,24): warning C4244: 'argumento': conversión de 'GLuint' a 'GLfloat'; posible pérdida de datos
C:\Users\luihe\OneDrive\Documentos\GitHub\Proyecto-CGeIHC\ProyectoFinal\ProyectoFinal\Shader_light.cpp(218,88): warning C4244: 'argumento': conversión de 'GLuint' a 'GLfloat'; posible pérdida de datos
C:\Users\luihe\OneDrive\Documentos\GitHub\Proyecto-CGeIHC\ProyectoFinal\ProyectoFinal\Shader_light.cpp(218,42): warning C4244: 'argumento': conversión de 'GLuint' a 'GLfloat'; posible pérdida de datos
  Skybox.cpp
  Sphere.cpp
C:\Users\luihe\OneDrive\Documentos\GitHub\Proyecto-CGeIHC\ProyectoFinal\ProyectoFinal\Sphere.cpp(39,13): warning C4244: 'inicializando': conversión de 'double' a 'float'; posible pérdida de datos
C:\Users\luihe\OneDrive\Documentos\GitHub\Proyecto-CGeIHC\ProyectoFinal\ProyectoFinal\Sphere.cpp(43,16): warning C4244: 'inicializando': conversión de 'double' a 'float'; posible pérdida de datos
  SpotLight.cpp
  Toroide.cpp
C:\Users\luihe\OneDrive\Documentos\GitHub\Proyecto-CGeIHC\ProyectoFinal\ProyectoFinal\Toroide.cpp(11,15): warning C4244: '=': conversión de 'double' a 'float'; posible pérdida de datos
C:\Users\luihe\OneDrive\Documentos\GitHub\Proyecto-CGeIHC\ProyectoFinal\ProyectoFinal\Toroide.cpp(12,15): warning C4244: '=': conversión de 'double' a 'float'; posible pérdida de datos
  Window.cpp
C:\Users\luihe\OneDrive\Documentos\GitHub\Proyecto-CGeIHC\ProyectoFinal\ProyectoFinal\Window.h(12,36): warning C4244: 'return': conversión de 'GLint' a 'GLfloat'; posible pérdida de datos
  (compilando archivo de origen "Window.cpp")
  
C:\Users\luihe\OneDrive\Documentos\GitHub\Proyecto-CGeIHC\ProyectoFinal\ProyectoFinal\Window.h(13,37): warning C4244: 'return': conversión de 'GLint' a 'GLfloat'; posible pérdida de datos
  (compilando archivo de origen "Window.cpp")
  
C:\Users\luihe\OneDrive\Documentos\GitHub\Proyecto-CGeIHC\ProyectoFinal\ProyectoFinal\Window.cpp(173,22): warning C4244: '=': conversión de 'double' a 'GLfloat'; posible pérdida de datos
C:\Users\luihe\OneDrive\Documentos\GitHub\Proyecto-CGeIHC\ProyectoFinal\ProyectoFinal\Window.cpp(174,22): warning C4244: '=': conversión de 'double' a 'GLfloat'; posible pérdida de datos
C:\Users\luihe\OneDrive\Documentos\GitHub\Proyecto-CGeIHC\ProyectoFinal\ProyectoFinal\Window.cpp(178,28): warning C4244: '=': conversión de 'double' a 'GLfloat'; posible pérdida de datos
C:\Users\luihe\OneDrive\Documentos\GitHub\Proyecto-CGeIHC\ProyectoFinal\ProyectoFinal\Window.cpp(179,40): warning C4244: '=': conversión de 'double' a 'GLfloat'; posible pérdida de datos
C:\Users\luihe\OneDrive\Documentos\GitHub\Proyecto-CGeIHC\ProyectoFinal\ProyectoFinal\Window.cpp(181,21): warning C4244: '=': conversión de 'double' a 'GLfloat'; posible pérdida de datos
C:\Users\luihe\OneDrive\Documentos\GitHub\Proyecto-CGeIHC\ProyectoFinal\ProyectoFinal\Window.cpp(182,21): warning C4244: '=': conversión de 'double' a 'GLfloat'; posible pérdida de datos
  Generando código...
C:\Users\luihe\OneDrive\Documentos\GitHub\Proyecto-CGeIHC\ProyectoFinal\ProyectoFinal\Window.cpp(81): warning C4715: 'Window::Initialise': no todas las rutas de acceso de control devuelven un valor
  LINK : no se encontró C:\Users\luihe\OneDrive\Documentos\GitHub\Proyecto-CGeIHC\ProyectoFinal\Debug\ProyectoFinal.exe o no lo generó el último vínculo incremental; ejecutando vínculo completo
LINK : warning LNK4098: la biblioteca predeterminada'MSVCRT' entra en conflicto con otras bibliotecas; use la biblioteca /NODEFAULTLIB:biblioteca
  ProyectoFinal.vcxproj -> C:\Users\luihe\OneDrive\Documentos\GitHub\Proyecto-CGeIHC\ProyectoFinal\Debug\ProyectoFinal.exe
