c:\users\luihe\onedrive\documentos\github\proyecto-cgeihc\proyectofinal\proyectofinal\debug\vc143.pdb
c:\users\luihe\onedrive\documentos\github\proyecto-cgeihc\proyectofinal\proyectofinal\debug\vc143.idb
c:\users\luihe\onedrive\documentos\github\proyecto-cgeihc\proyectofinal\proyectofinal\debug\window.obj
c:\users\luihe\onedrive\documentos\github\proyecto-cgeihc\proyectofinal\proyectofinal\debug\toroide.obj
c:\users\luihe\onedrive\documentos\github\proyecto-cgeihc\proyectofinal\proyectofinal\debug\texture.obj
c:\users\luihe\onedrive\documentos\github\proyecto-cgeihc\proyectofinal\proyectofinal\debug\spotlight.obj
c:\users\luihe\onedrive\documentos\github\proyecto-cgeihc\proyectofinal\proyectofinal\debug\sphere.obj
c:\users\luihe\onedrive\documentos\github\proyecto-cgeihc\proyectofinal\proyectofinal\debug\skybox.obj
c:\users\luihe\onedrive\documentos\github\proyecto-cgeihc\proyectofinal\proyectofinal\debug\shader_light.obj
c:\users\luihe\onedrive\documentos\github\proyecto-cgeihc\proyectofinal\proyectofinal\debug\proyectofinal.obj
c:\users\luihe\onedrive\documentos\github\proyecto-cgeihc\proyectofinal\proyectofinal\debug\pointlight.obj
c:\users\luihe\onedrive\documentos\github\proyecto-cgeihc\proyectofinal\proyectofinal\debug\model.obj
c:\users\luihe\onedrive\documentos\github\proyecto-cgeihc\proyectofinal\proyectofinal\debug\mesh_tn.obj
c:\users\luihe\onedrive\documentos\github\proyecto-cgeihc\proyectofinal\proyectofinal\debug\material.obj
c:\users\luihe\onedrive\documentos\github\proyecto-cgeihc\proyectofinal\proyectofinal\debug\light.obj
c:\users\luihe\onedrive\documentos\github\proyecto-cgeihc\proyectofinal\proyectofinal\debug\directionallight.obj
c:\users\luihe\onedrive\documentos\github\proyecto-cgeihc\proyectofinal\proyectofinal\debug\camera.obj
c:\users\luihe\onedrive\documentos\github\proyecto-cgeihc\proyectofinal\proyectofinal\debug\proyectofinal.ilk
c:\users\luihe\onedrive\documentos\github\proyecto-cgeihc\proyectofinal\debug\proyectofinal.pdb
c:\users\luihe\onedrive\documentos\github\proyecto-cgeihc\proyectofinal\debug\proyectofinal.exe
c:\users\luihe\onedrive\documentos\github\proyecto-cgeihc\proyectofinal\proyectofinal\debug\proyectofinal.tlog\cl.command.1.tlog
c:\users\luihe\onedrive\documentos\github\proyecto-cgeihc\proyectofinal\proyectofinal\debug\proyectofinal.tlog\cl.items.tlog
c:\users\luihe\onedrive\documentos\github\proyecto-cgeihc\proyectofinal\proyectofinal\debug\proyectofinal.tlog\cl.read.1.tlog
c:\users\luihe\onedrive\documentos\github\proyecto-cgeihc\proyectofinal\proyectofinal\debug\proyectofinal.tlog\cl.write.1.tlog
c:\users\luihe\onedrive\documentos\github\proyecto-cgeihc\proyectofinal\proyectofinal\debug\proyectofinal.tlog\link.command.1.tlog
c:\users\luihe\onedrive\documentos\github\proyecto-cgeihc\proyectofinal\proyectofinal\debug\proyectofinal.tlog\link.read.1.tlog
c:\users\luihe\onedrive\documentos\github\proyecto-cgeihc\proyectofinal\proyectofinal\debug\proyectofinal.tlog\link.write.1.tlog
